<?xml version="1.0" encoding="UTF-8"?>
<!-- Generated by org.testng.reporters.JUnitXMLReporter -->
<testsuite ignored="0" hostname="Ashish-Laptop" failures="1" tests="1" name="Chrome Test" time="7.306" errors="0" timestamp="2026-01-29T21:04:21 IST">
  <testcase classname="AmazonGridTest" name="verifyAmazonSearch" time="5.662">
    <failure type="java.lang.AssertionError" message="expected [true] but found [false]">
      <![CDATA[java.lang.AssertionError: expected [true] but found [false]
at AmazonGridTest.verifyAmazonSearch(AmazonGridTest.java:38)
at java.base/java.util.ArrayList.forEach(ArrayList.java:1604)
... Removed 29 stack frames]]>
    </failure>
  </testcase> <!-- verifyAmazonSearch -->
</testsuite> <!-- Chrome Test -->
