<?xml version="1.0" encoding="UTF-8"?>
<testng-results ignored="0" total="3" passed="3" failed="0" skipped="0">
  <reporter-output>
  </reporter-output>
  <suite started-at="2026-01-29T22:41:44 IST" name="Amazon Test Suite" finished-at="2026-01-29T22:41:56 IST" duration-ms="12224">
    <groups>
    </groups>
    <test started-at="2026-01-29T22:41:44 IST" name="Chrome Test" finished-at="2026-01-29T22:41:54 IST" duration-ms="10187">
      <class name="Mytest.AmazonGridTest">
        <test-method is-config="true" signature="setup(java.lang.String)[pri:0, instance:Mytest.AmazonGridTest@39529185]" started-at="2026-01-29T22:41:44 IST" name="setup" finished-at="2026-01-29T22:41:45 IST" duration-ms="1105" status="PASS">
          <params>
            <param index="0">
              <value>
                <![CDATA[chrome]]>
              </value>
            </param>
          </params>
          <reporter-output>
          </reporter-output>
        </test-method> <!-- setup -->
        <test-method signature="verifyAmazonTitle()[pri:0, instance:Mytest.AmazonGridTest@39529185]" started-at="2026-01-29T22:41:45 IST" name="verifyAmazonTitle" finished-at="2026-01-29T22:41:54 IST" duration-ms="8946" status="PASS">
          <reporter-output>
          </reporter-output>
        </test-method> <!-- verifyAmazonTitle -->
        <test-method is-config="true" signature="tearDown()[pri:0, instance:Mytest.AmazonGridTest@39529185]" started-at="2026-01-29T22:41:54 IST" name="tearDown" finished-at="2026-01-29T22:41:54 IST" duration-ms="96" status="PASS">
          <reporter-output>
          </reporter-output>
        </test-method> <!-- tearDown -->
      </class> <!-- Mytest.AmazonGridTest -->
    </test> <!-- Chrome Test -->
    <test started-at="2026-01-29T22:41:44 IST" name="Edge Test" finished-at="2026-01-29T22:41:54 IST" duration-ms="10228">
      <class name="Mytest.AmazonGridTest">
        <test-method is-config="true" signature="setup(java.lang.String)[pri:0, instance:Mytest.AmazonGridTest@5b239d7d]" started-at="2026-01-29T22:41:44 IST" name="setup" finished-at="2026-01-29T22:41:45 IST" duration-ms="1195" status="PASS">
          <params>
            <param index="0">
              <value>
                <![CDATA[edge]]>
              </value>
            </param>
          </params>
          <reporter-output>
          </reporter-output>
        </test-method> <!-- setup -->
        <test-method signature="verifyAmazonTitle()[pri:0, instance:Mytest.AmazonGridTest@5b239d7d]" started-at="2026-01-29T22:41:45 IST" name="verifyAmazonTitle" finished-at="2026-01-29T22:41:54 IST" duration-ms="8903" status="PASS">
          <reporter-output>
          </reporter-output>
        </test-method> <!-- verifyAmazonTitle -->
        <test-method is-config="true" signature="tearDown()[pri:0, instance:Mytest.AmazonGridTest@5b239d7d]" started-at="2026-01-29T22:41:54 IST" name="tearDown" finished-at="2026-01-29T22:41:54 IST" duration-ms="94" status="PASS">
          <reporter-output>
          </reporter-output>
        </test-method> <!-- tearDown -->
      </class> <!-- Mytest.AmazonGridTest -->
    </test> <!-- Edge Test -->
    <test started-at="2026-01-29T22:41:44 IST" name="Firefox Test" finished-at="2026-01-29T22:41:56 IST" duration-ms="12224">
      <class name="Mytest.AmazonGridTest">
        <test-method is-config="true" signature="setup(java.lang.String)[pri:0, instance:Mytest.AmazonGridTest@5876a9af]" started-at="2026-01-29T22:41:44 IST" name="setup" finished-at="2026-01-29T22:41:46 IST" duration-ms="2360" status="PASS">
          <params>
            <param index="0">
              <value>
                <![CDATA[firefox]]>
              </value>
            </param>
          </params>
          <reporter-output>
          </reporter-output>
        </test-method> <!-- setup -->
        <test-method signature="verifyAmazonTitle()[pri:0, instance:Mytest.AmazonGridTest@5876a9af]" started-at="2026-01-29T22:41:46 IST" name="verifyAmazonTitle" finished-at="2026-01-29T22:41:55 IST" duration-ms="8919" status="PASS">
          <reporter-output>
          </reporter-output>
        </test-method> <!-- verifyAmazonTitle -->
        <test-method is-config="true" signature="tearDown()[pri:0, instance:Mytest.AmazonGridTest@5876a9af]" started-at="2026-01-29T22:41:55 IST" name="tearDown" finished-at="2026-01-29T22:41:56 IST" duration-ms="907" status="PASS">
          <reporter-output>
          </reporter-output>
        </test-method> <!-- tearDown -->
      </class> <!-- Mytest.AmazonGridTest -->
    </test> <!-- Firefox Test -->
  </suite> <!-- Amazon Test Suite -->
</testng-results>
