<?xml version="1.0" encoding="UTF-8"?>
<testng-results ignored="0" total="3" passed="3" failed="0" skipped="0">
  <reporter-output>
  </reporter-output>
  <suite started-at="2026-01-29T23:53:07 IST" name="Amazon Test Suite" finished-at="2026-01-29T23:53:18 IST" duration-ms="10427">
    <groups>
    </groups>
    <test started-at="2026-01-29T23:53:07 IST" name="Chrome Test" finished-at="2026-01-29T23:53:16 IST" duration-ms="8666">
      <class name="Mytest.AmazonGridTest">
        <test-method is-config="true" signature="setup(java.lang.String)[pri:0, instance:Mytest.AmazonGridTest@39529185]" started-at="2026-01-29T23:53:07 IST" name="setup" finished-at="2026-01-29T23:53:08 IST" duration-ms="1157" status="PASS">
          <params>
            <param index="0">
              <value>
                <![CDATA[chrome]]>
              </value>
            </param>
          </params>
          <reporter-output>
          </reporter-output>
        </test-method> <!-- setup -->
        <test-method signature="verifyAmazonTitle()[pri:0, instance:Mytest.AmazonGridTest@39529185]" started-at="2026-01-29T23:53:08 IST" name="verifyAmazonTitle" finished-at="2026-01-29T23:53:16 IST" duration-ms="7381" status="PASS">
          <reporter-output>
          </reporter-output>
        </test-method> <!-- verifyAmazonTitle -->
        <test-method is-config="true" signature="tearDown()[pri:0, instance:Mytest.AmazonGridTest@39529185]" started-at="2026-01-29T23:53:16 IST" name="tearDown" finished-at="2026-01-29T23:53:16 IST" duration-ms="89" status="PASS">
          <reporter-output>
          </reporter-output>
        </test-method> <!-- tearDown -->
      </class> <!-- Mytest.AmazonGridTest -->
    </test> <!-- Chrome Test -->
    <test started-at="2026-01-29T23:53:07 IST" name="Edge Test" finished-at="2026-01-29T23:53:16 IST" duration-ms="8753">
      <class name="Mytest.AmazonGridTest">
        <test-method is-config="true" signature="setup(java.lang.String)[pri:0, instance:Mytest.AmazonGridTest@5b239d7d]" started-at="2026-01-29T23:53:07 IST" name="setup" finished-at="2026-01-29T23:53:08 IST" duration-ms="1240" status="PASS">
          <params>
            <param index="0">
              <value>
                <![CDATA[edge]]>
              </value>
            </param>
          </params>
          <reporter-output>
          </reporter-output>
        </test-method> <!-- setup -->
        <test-method signature="verifyAmazonTitle()[pri:0, instance:Mytest.AmazonGridTest@5b239d7d]" started-at="2026-01-29T23:53:08 IST" name="verifyAmazonTitle" finished-at="2026-01-29T23:53:16 IST" duration-ms="7388" status="PASS">
          <reporter-output>
          </reporter-output>
        </test-method> <!-- verifyAmazonTitle -->
        <test-method is-config="true" signature="tearDown()[pri:0, instance:Mytest.AmazonGridTest@5b239d7d]" started-at="2026-01-29T23:53:16 IST" name="tearDown" finished-at="2026-01-29T23:53:16 IST" duration-ms="91" status="PASS">
          <reporter-output>
          </reporter-output>
        </test-method> <!-- tearDown -->
      </class> <!-- Mytest.AmazonGridTest -->
    </test> <!-- Edge Test -->
    <test started-at="2026-01-29T23:53:07 IST" name="Firefox Test" finished-at="2026-01-29T23:53:18 IST" duration-ms="10427">
      <class name="Mytest.AmazonGridTest">
        <test-method is-config="true" signature="setup(java.lang.String)[pri:0, instance:Mytest.AmazonGridTest@5876a9af]" started-at="2026-01-29T23:53:07 IST" name="setup" finished-at="2026-01-29T23:53:10 IST" duration-ms="2549" status="PASS">
          <params>
            <param index="0">
              <value>
                <![CDATA[firefox]]>
              </value>
            </param>
          </params>
          <reporter-output>
          </reporter-output>
        </test-method> <!-- setup -->
        <test-method signature="verifyAmazonTitle()[pri:0, instance:Mytest.AmazonGridTest@5876a9af]" started-at="2026-01-29T23:53:10 IST" name="verifyAmazonTitle" finished-at="2026-01-29T23:53:17 IST" duration-ms="7128" status="PASS">
          <reporter-output>
          </reporter-output>
        </test-method> <!-- verifyAmazonTitle -->
        <test-method is-config="true" signature="tearDown()[pri:0, instance:Mytest.AmazonGridTest@5876a9af]" started-at="2026-01-29T23:53:17 IST" name="tearDown" finished-at="2026-01-29T23:53:18 IST" duration-ms="715" status="PASS">
          <reporter-output>
          </reporter-output>
        </test-method> <!-- tearDown -->
      </class> <!-- Mytest.AmazonGridTest -->
    </test> <!-- Firefox Test -->
  </suite> <!-- Amazon Test Suite -->
</testng-results>
