<?xml version="1.0" encoding="UTF-8"?>
<!-- Generated by org.testng.reporters.JUnitReportReporter -->
<testsuite hostname="Ashish-Laptop" failures="0" tests="3" name="Mytest.AmazonGridTest" time="9.371" errors="0" timestamp="2026-01-30T00:08:41 IST" skipped="0">
  <testcase classname="Mytest.AmazonGridTest" name="verifyAmazonLaunch" time="4.253"/>
  <testcase classname="Mytest.AmazonGridTest" name="verifyAmazonLaunch" time="2.012"/>
  <testcase classname="Mytest.AmazonGridTest" name="verifyAmazonLaunch" time="3.106"/>
</testsuite> <!-- Mytest.AmazonGridTest -->
