<?xml version="1.0" encoding="UTF-8"?>
<!-- Generated by org.testng.reporters.JUnitReportReporter -->
<testsuite hostname="Ashish-Laptop" failures="0" tests="3" name="Mytest.AmazonGridTest" time="27.738" errors="0" timestamp="2026-01-29T23:53:18 IST" skipped="0">
  <testcase classname="Mytest.AmazonGridTest" name="verifyAmazonTitle" time="10.392"/>
  <testcase classname="Mytest.AmazonGridTest" name="verifyAmazonTitle" time="8.719"/>
  <testcase classname="Mytest.AmazonGridTest" name="verifyAmazonTitle" time="8.627"/>
</testsuite> <!-- Mytest.AmazonGridTest -->
